0 info it worked if it ends with ok
1 verbose cli [ '/home/abhi/.nvm/versions/node/v6.14.4/bin/node',
1 verbose cli   '/home/abhi/.nvm/versions/node/v6.14.4/bin/npm',
1 verbose cli   'run',
1 verbose cli   'dev' ]
2 info using npm@3.10.10
3 info using node@v6.14.4
4 verbose stack Error: Failed to parse json
4 verbose stack Unexpected token '/' at 8:5
4 verbose stack     // "test": "echo \"Error: no test specified\" && exit 1",
4 verbose stack     ^
4 verbose stack     at parseError (/home/abhi/.nvm/versions/node/v6.14.4/lib/node_modules/npm/node_modules/read-package-json/read-json.js:390:11)
4 verbose stack     at parseJson (/home/abhi/.nvm/versions/node/v6.14.4/lib/node_modules/npm/node_modules/read-package-json/read-json.js:79:23)
4 verbose stack     at /home/abhi/.nvm/versions/node/v6.14.4/lib/node_modules/npm/node_modules/read-package-json/read-json.js:48:5
4 verbose stack     at /home/abhi/.nvm/versions/node/v6.14.4/lib/node_modules/npm/node_modules/graceful-fs/graceful-fs.js:78:16
4 verbose stack     at tryToString (fs.js:457:3)
4 verbose stack     at FSReqWrap.readFileAfterClose [as oncomplete] (fs.js:444:12)
5 verbose cwd /mnt/800GB/graphqlp/users
6 error Linux 4.13.0-45-generic
7 error argv "/home/abhi/.nvm/versions/node/v6.14.4/bin/node" "/home/abhi/.nvm/versions/node/v6.14.4/bin/npm" "run" "dev"
8 error node v6.14.4
9 error npm  v3.10.10
10 error file /mnt/800GB/graphqlp/users/package.json
11 error code EJSONPARSE
12 error Failed to parse json
12 error Unexpected token '/' at 8:5
12 error     // "test": "echo \"Error: no test specified\" && exit 1",
12 error     ^
13 error File: /mnt/800GB/graphqlp/users/package.json
14 error Failed to parse package.json data.
14 error package.json must be actual JSON, not just JavaScript.
14 error
14 error This is not a bug in npm.
14 error Tell the package author to fix their package.json file. JSON.parse
15 verbose exit [ 1, true ]
